!SESSION 2025-09-22 21:15:18.466 -----------------------------------------------
eclipse.buildId=unknown
java.version=24.0.2
java.vendor=Oracle Corporation
BootLoader constants: OS=win32, ARCH=x86, WS=win32, NL=es_AR
Command-line arguments:  -os win32 -ws win32 -arch x86

!ENTRY org.eclipse.osgi 4 0 2025-09-22 21:15:18.705
!MESSAGE Startup error
!STACK 1
java.lang.reflect.InaccessibleObjectException: Unable to make protected void java.net.URLClassLoader.addURL(java.net.URL) accessible: module java.base does not "opens java.net" to unnamed module @566776ad
	at java.base/java.lang.reflect.AccessibleObject.throwInaccessibleObjectException(AccessibleObject.java:353)
	at java.base/java.lang.reflect.AccessibleObject.checkCanSetAccessible(AccessibleObject.java:329)
	at java.base/java.lang.reflect.AccessibleObject.checkCanSetAccessible(AccessibleObject.java:277)
	at java.base/java.lang.reflect.Method.checkCanSetAccessible(Method.java:182)
	at java.base/java.lang.reflect.Method.setAccessible(Method.java:176)
	at org.eclipse.osgi.internal.baseadaptor.BaseStorage.findaddURLMethod(BaseStorage.java:1056)
	at org.eclipse.osgi.internal.baseadaptor.BaseStorage.findaddURLMethod(BaseStorage.java:1063)
	at org.eclipse.osgi.internal.baseadaptor.BaseStorage.initialize(BaseStorage.java:129)
	at org.eclipse.osgi.baseadaptor.BaseAdaptor.initializeStorage(BaseAdaptor.java:124)
	at org.eclipse.osgi.framework.internal.core.Framework.initialize(Framework.java:174)
	at org.eclipse.osgi.framework.internal.core.Framework.<init>(Framework.java:147)
	at org.eclipse.osgi.framework.internal.core.OSGi.createFramework(OSGi.java:90)
	at org.eclipse.osgi.framework.internal.core.OSGi.<init>(OSGi.java:31)
	at org.eclipse.core.runtime.adaptor.EclipseStarter.startup(EclipseStarter.java:283)
	at org.eclipse.core.runtime.adaptor.EclipseStarter.run(EclipseStarter.java:172)
	at java.base/jdk.internal.reflect.DirectMethodHandleAccessor.invoke(DirectMethodHandleAccessor.java:104)
	at java.base/java.lang.reflect.Method.invoke(Method.java:565)
	at org.eclipse.equinox.launcher.Main.invokeFramework(Main.java:508)
	at org.eclipse.equinox.launcher.Main.basicRun(Main.java:447)
	at org.eclipse.equinox.launcher.Main.run(Main.java:1173)
	at org.eclipse.equinox.launcher.Main.main(Main.java:1148)
